Build started 02/02/2017 00:17:59.
     1>Project "C:\Users\Robbie\Desktop\4th Year\Game Engineering\ECM\ECM\ECM\ECM.vcxproj" on node 2 (Build target(s)).
     1>ClCompile:
         C:\Program Files (x86)\Microsoft Visual Studio 12.0\VC\bin\CL.exe /c /I"C:\Program Files (x86)\Visual Leak Detector\include" /ZI /nologo /W3 /WX- /sdl /Od /Oy- /D WIN32 /D _DEBUG /D _CONSOLE /D _LIB /D _UNICODE /D UNICODE /Gm /EHsc /RTC1 /MDd /GS /fp:precise /Zc:wchar_t /Zc:forScope /Yu"stdafx.h" /Fp"Debug\ECM.pch" /Fo"Debug\\" /Fd"Debug\vc120.pdb" /Gd /TP /analyze- /errorReport:prompt ECM.cpp
         ECM.cpp
     1>c:\users\robbie\desktop\4th year\game engineering\ecm\ecm\ecm\healthsystem.h(15): warning C4018: '<' : signed/unsigned mismatch
     1>c:\users\robbie\desktop\4th year\game engineering\ecm\ecm\ecm\healthsystem.h(18): warning C4018: '<' : signed/unsigned mismatch
     1>c:\users\robbie\desktop\4th year\game engineering\ecm\ecm\ecm\positionsystem.h(9): warning C4018: '<' : signed/unsigned mismatch
     1>c:\users\robbie\desktop\4th year\game engineering\ecm\ecm\ecm\positionsystem.h(12): warning C4018: '<' : signed/unsigned mismatch
     1>c:\program files (x86)\microsoft visual studio 12.0\vc\include\utility(144): warning C4244: 'initializing' : conversion from 'int' to 'float', possible loss of data
                 c:\users\robbie\desktop\4th year\game engineering\ecm\ecm\ecm\positioncomponent.h(8) : see reference to function template instantiation 'std::pair<float,float>::pair<int,int,void>(_Other1 &&,_Other2 &&)' being compiled
                 with
                 [
                     _Other1=int
         ,            _Other2=int
                 ]
                 c:\users\robbie\desktop\4th year\game engineering\ecm\ecm\ecm\positioncomponent.h(8) : see reference to function template instantiation 'std::pair<float,float>::pair<int,int,void>(_Other1 &&,_Other2 &&)' being compiled
                 with
                 [
                     _Other1=int
         ,            _Other2=int
                 ]
       Link:
         C:\Program Files (x86)\Microsoft Visual Studio 12.0\VC\bin\link.exe /ERRORREPORT:PROMPT /OUT:"C:\Users\Robbie\Desktop\4th Year\Game Engineering\ECM\ECM\Debug\ECM.exe" /INCREMENTAL /NOLOGO /LIBPATH:"C:\Program Files (x86)\Visual Leak Detector\lib\Win32" kernel32.lib user32.lib gdi32.lib winspool.lib comdlg32.lib advapi32.lib shell32.lib ole32.lib oleaut32.lib uuid.lib odbc32.lib odbccp32.lib /MANIFEST /MANIFESTUAC:"level='asInvoker' uiAccess='false'" /manifest:embed /DEBUG /PDB:"C:\Users\Robbie\Desktop\4th Year\Game Engineering\ECM\ECM\Debug\ECM.pdb" /SUBSYSTEM:CONSOLE /TLBID:1 /DYNAMICBASE /NXCOMPAT /IMPLIB:"C:\Users\Robbie\Desktop\4th Year\Game Engineering\ECM\ECM\Debug\ECM.lib" /MACHINE:X86 Debug\ECM.obj
         Debug\stdafx.obj
         ECM.vcxproj -> C:\Users\Robbie\Desktop\4th Year\Game Engineering\ECM\ECM\Debug\ECM.exe
     1>Done Building Project "C:\Users\Robbie\Desktop\4th Year\Game Engineering\ECM\ECM\ECM\ECM.vcxproj" (Build target(s)).

Build succeeded.

Time Elapsed 00:00:00.56
